<?xml version="1.0" encoding="UTF-8"?>
<!-- Generated by org.testng.reporters.JUnitXMLReporter -->
<testsuite ignored="1" hostname="DESKTOP-ALVIBGB" failures="0" tests="1" name="Default test" time="5.91" errors="0" timestamp="2021-10-13T16:19:54 EET">
  <testcase classname="tests.Task1" name="SearchFunction" time="5.453"/>
  <testcase classname="cucumber.api.testng.AbstractTestNGCucumberTests" name="feature" time="0.0">
    <ignored/>
  </testcase> <!-- feature -->
</testsuite> <!-- Default test -->
