<?xml version="1.0" encoding="UTF-8"?>
<testng-results ignored="1" total="2" passed="1" failed="0" skipped="0">
  <reporter-output>
  </reporter-output>
  <suite started-at="2021-10-13T16:19:48 EET" name="Default suite" finished-at="2021-10-13T16:19:54 EET" duration-ms="5910">
    <groups>
    </groups>
    <test started-at="2021-10-13T16:19:48 EET" name="Default test" finished-at="2021-10-13T16:19:54 EET" duration-ms="5910">
      <class name="tests.Task1">
        <test-method is-config="true" signature="startDriver(java.lang.String)[pri:0, instance:tests.Task1@2ed2d9cb]" started-at="2021-10-13T16:19:44 EET" name="startDriver" finished-at="2021-10-13T16:19:48 EET" duration-ms="3718" status="PASS">
          <params>
            <param index="0">
              <value>
                <![CDATA[chrome]]>
              </value>
            </param>
          </params>
          <reporter-output>
          </reporter-output>
        </test-method> <!-- startDriver -->
        <test-method is-config="true" signature="setUpClass()[pri:0, instance:tests.Task1@2ed2d9cb]" started-at="2021-10-13T16:19:48 EET" name="setUpClass" finished-at="2021-10-13T16:19:48 EET" duration-ms="354" status="PASS">
          <reporter-output>
          </reporter-output>
        </test-method> <!-- setUpClass -->
        <test-method signature="SearchFunction()[pri:0, instance:tests.Task1@2ed2d9cb]" started-at="2021-10-13T16:19:48 EET" name="SearchFunction" finished-at="2021-10-13T16:19:54 EET" duration-ms="5453" status="PASS">
          <reporter-output>
          </reporter-output>
        </test-method> <!-- SearchFunction -->
        <test-method is-config="true" signature="TakeScreenShotOnFailur(org.testng.ITestResult)[pri:0, instance:tests.Task1@2ed2d9cb]" started-at="2021-10-13T16:19:54 EET" name="TakeScreenShotOnFailur" finished-at="2021-10-13T16:19:54 EET" duration-ms="3" status="PASS">
          <params>
            <param index="0">
              <value>
                <![CDATA[[TestResult name=SearchFunction status=SUCCESS method=Task1.SearchFunction()[pri:0, instance:tests.Task1@2ed2d9cb] output={null}]]]>
              </value>
            </param>
          </params>
          <reporter-output>
          </reporter-output>
        </test-method> <!-- TakeScreenShotOnFailur -->
        <test-method is-config="true" signature="tearDownClass()[pri:0, instance:tests.Task1@2ed2d9cb]" started-at="2021-10-13T16:19:54 EET" name="tearDownClass" finished-at="2021-10-13T16:19:54 EET" duration-ms="39" status="PASS">
          <reporter-output>
          </reporter-output>
        </test-method> <!-- tearDownClass -->
      </class> <!-- tests.Task1 -->
    </test> <!-- Default test -->
  </suite> <!-- Default suite -->
</testng-results>
